/usr/local/lib/python3.5/dist-packages/pymysql/cursors.py:329: Warning: (1062, "Duplicate entry '2019-03-08-AAPL' for key 'PRIMARY'")
  self._do_get_result()
/usr/local/lib/python3.5/dist-packages/pymysql/cursors.py:329: Warning: (1062, "Duplicate entry '2019-03-08-AXP' for key 'PRIMARY'")
  self._do_get_result()
/usr/local/lib/python3.5/dist-packages/pymysql/cursors.py:329: Warning: (1062, "Duplicate entry '2019-03-08-BA' for key 'PRIMARY'")
  self._do_get_result()
/usr/local/lib/python3.5/dist-packages/pymysql/cursors.py:329: Warning: (1062, "Duplicate entry '2019-03-08-CAT' for key 'PRIMARY'")
  self._do_get_result()
/usr/local/lib/python3.5/dist-packages/pymysql/cursors.py:329: Warning: (1062, "Duplicate entry '2019-03-08-CSCO' for key 'PRIMARY'")
  self._do_get_result()
/usr/local/lib/python3.5/dist-packages/pymysql/cursors.py:329: Warning: (1062, "Duplicate entry '2019-03-08-CVX' for key 'PRIMARY'")
  self._do_get_result()
/usr/local/lib/python3.5/dist-packages/pymysql/cursors.py:329: Warning: (1062, "Duplicate entry '2019-03-08-DIS' for key 'PRIMARY'")
  self._do_get_result()
/usr/local/lib/python3.5/dist-packages/pymysql/cursors.py:329: Warning: (1062, "Duplicate entry '2019-03-08-GE' for key 'PRIMARY'")
  self._do_get_result()
/usr/local/lib/python3.5/dist-packages/pymysql/cursors.py:329: Warning: (1062, "Duplicate entry '2019-03-08-GS' for key 'PRIMARY'")
  self._do_get_result()
/usr/local/lib/python3.5/dist-packages/pymysql/cursors.py:329: Warning: (1062, "Duplicate entry '2019-03-08-HD' for key 'PRIMARY'")
  self._do_get_result()
/usr/local/lib/python3.5/dist-packages/pymysql/cursors.py:329: Warning: (1062, "Duplicate entry '2019-03-08-IBM' for key 'PRIMARY'")
  self._do_get_result()
/usr/local/lib/python3.5/dist-packages/pymysql/cursors.py:329: Warning: (1062, "Duplicate entry '2019-03-08-INTC' for key 'PRIMARY'")
  self._do_get_result()
/usr/local/lib/python3.5/dist-packages/pymysql/cursors.py:329: Warning: (1062, "Duplicate entry '2019-03-08-JNJ' for key 'PRIMARY'")
  self._do_get_result()
/usr/local/lib/python3.5/dist-packages/pymysql/cursors.py:329: Warning: (1062, "Duplicate entry '2019-03-08-JPM' for key 'PRIMARY'")
  self._do_get_result()
/usr/local/lib/python3.5/dist-packages/pymysql/cursors.py:329: Warning: (1062, "Duplicate entry '2019-03-08-KO' for key 'PRIMARY'")
  self._do_get_result()
/usr/local/lib/python3.5/dist-packages/pymysql/cursors.py:329: Warning: (1062, "Duplicate entry '2019-03-08-MCD' for key 'PRIMARY'")
  self._do_get_result()
/usr/local/lib/python3.5/dist-packages/pymysql/cursors.py:329: Warning: (1062, "Duplicate entry '2019-03-08-MMM' for key 'PRIMARY'")
  self._do_get_result()
/usr/local/lib/python3.5/dist-packages/pymysql/cursors.py:329: Warning: (1062, "Duplicate entry '2019-03-08-MRK' for key 'PRIMARY'")
  self._do_get_result()
/usr/local/lib/python3.5/dist-packages/pymysql/cursors.py:329: Warning: (1062, "Duplicate entry '2019-03-08-MSFT' for key 'PRIMARY'")
  self._do_get_result()
/usr/local/lib/python3.5/dist-packages/pymysql/cursors.py:329: Warning: (1062, "Duplicate entry '2019-03-08-NKE' for key 'PRIMARY'")
  self._do_get_result()
/usr/local/lib/python3.5/dist-packages/pymysql/cursors.py:329: Warning: (1062, "Duplicate entry '2019-03-08-PFE' for key 'PRIMARY'")
  self._do_get_result()
/usr/local/lib/python3.5/dist-packages/pymysql/cursors.py:329: Warning: (1062, "Duplicate entry '2019-03-08-PG' for key 'PRIMARY'")
  self._do_get_result()
/usr/local/lib/python3.5/dist-packages/pymysql/cursors.py:329: Warning: (1062, "Duplicate entry '2019-03-08-TRV' for key 'PRIMARY'")
  self._do_get_result()
/usr/local/lib/python3.5/dist-packages/pymysql/cursors.py:329: Warning: (1062, "Duplicate entry '2019-03-08-UNH' for key 'PRIMARY'")
  self._do_get_result()
/usr/local/lib/python3.5/dist-packages/pymysql/cursors.py:329: Warning: (1062, "Duplicate entry '2019-03-08-UTX' for key 'PRIMARY'")
  self._do_get_result()
/usr/local/lib/python3.5/dist-packages/pymysql/cursors.py:329: Warning: (1062, "Duplicate entry '2019-03-08-V' for key 'PRIMARY'")
  self._do_get_result()
/usr/local/lib/python3.5/dist-packages/pymysql/cursors.py:329: Warning: (1062, "Duplicate entry '2019-03-08-VZ' for key 'PRIMARY'")
  self._do_get_result()
/usr/local/lib/python3.5/dist-packages/pymysql/cursors.py:329: Warning: (1062, "Duplicate entry '2019-03-08-WMT' for key 'PRIMARY'")
  self._do_get_result()
/usr/local/lib/python3.5/dist-packages/pymysql/cursors.py:329: Warning: (1062, "Duplicate entry '2019-03-08-XOM' for key 'PRIMARY'")
  self._do_get_result()
